<?xml version="1.0" encoding="UTF-8"?>
<!-- Generated by org.testng.reporters.JUnitReportReporter -->
<testsuite skipped="0" hostname="FF-DSK-42" name="FFWebapp.FFAutomation.AppTest" tests="7" failures="0" timestamp="01 Oct 2019 10:28:08 GMT" time="237.504" errors="0">
  <testcase name="EnquiryCreation" time="24.689" classname="FFWebapp.FFAutomation.AppTest"/>
  <testcase name="MemberCreation" time="51.097" classname="FFWebapp.FFAutomation.AppTest"/>
  <testcase name="trialbill" time="34.301" classname="FFWebapp.FFAutomation.AppTest"/>
  <testcase name="UserCreation" time="20.686" classname="FFWebapp.FFAutomation.AppTest"/>
  <testcase name="Userassigntemplate" time="15.054" classname="FFWebapp.FFAutomation.AppTest"/>
  <testcase name="EditUser" time="13.039" classname="FFWebapp.FFAutomation.AppTest"/>
  <testcase name="AccessTEM" time="78.638" classname="FFWebapp.FFAutomation.AppTest"/>
</testsuite> <!-- FFWebapp.FFAutomation.AppTest -->
