<?xml version="1.0" encoding="UTF-8"?>
<!-- Generated by org.testng.reporters.JUnitReportReporter -->
<testsuite skipped="0" hostname="FF-DSK-42" name="FFWebapp.FFAutomation.AppTest" tests="1" failures="0" timestamp="2019-10-01T19:19:48 IST" time="72.796" errors="0">
  <testcase name="MemberCreation" time="72.796" classname="FFWebapp.FFAutomation.AppTest"/>
</testsuite> <!-- FFWebapp.FFAutomation.AppTest -->
